<?xml version="1.0" encoding="UTF-8"?>
<testng-results ignored="0" total="3" passed="3" failed="0" skipped="0">
  <reporter-output>
  </reporter-output>
  <suite started-at="2021-04-12T13:18:01 IST" name="Suite" finished-at="2021-04-12T13:18:59 IST" duration-ms="58638">
    <groups>
    </groups>
    <test started-at="2021-04-12T13:18:01 IST" name="Test" finished-at="2021-04-12T13:18:28 IST" duration-ms="27128">
      <class name="testcases.HomePageTest">
        <test-method is-config="true" signature="initialize()[pri:0, instance:testcases.HomePageTest@1a84f40f]" started-at="2021-04-12T13:18:01 IST" name="initialize" finished-at="2021-04-12T13:18:22 IST" duration-ms="21460" status="PASS">
          <reporter-output>
          </reporter-output>
        </test-method> <!-- initialize -->
        <test-method signature="enterUserName(java.lang.String)[pri:0, instance:testcases.HomePageTest@1a84f40f]" started-at="2021-04-12T13:18:22 IST" name="enterUserName" data-provider="getData" finished-at="2021-04-12T13:18:26 IST" duration-ms="3648" status="PASS">
          <params>
            <param index="0">
              <value>
                <![CDATA[sdanish.cse]]>
              </value>
            </param>
          </params>
          <reporter-output>
          </reporter-output>
        </test-method> <!-- enterUserName -->
        <test-method signature="enterUserName(java.lang.String)[pri:0, instance:testcases.HomePageTest@1a84f40f]" started-at="2021-04-12T13:18:26 IST" name="enterUserName" data-provider="getData" finished-at="2021-04-12T13:18:26 IST" duration-ms="483" status="PASS">
          <params>
            <param index="0">
              <value>
                <![CDATA[9962391426]]>
              </value>
            </param>
          </params>
          <reporter-output>
          </reporter-output>
        </test-method> <!-- enterUserName -->
        <test-method is-config="true" signature="teardown()[pri:0, instance:testcases.HomePageTest@1a84f40f]" started-at="2021-04-12T13:18:26 IST" name="teardown" finished-at="2021-04-12T13:18:28 IST" duration-ms="1482" status="PASS">
          <reporter-output>
          </reporter-output>
        </test-method> <!-- teardown -->
      </class> <!-- testcases.HomePageTest -->
    </test> <!-- Test -->
    <test started-at="2021-04-12T13:18:28 IST" name="Amazon" finished-at="2021-04-12T13:18:59 IST" duration-ms="31319">
      <class name="testcases.SearchBoxTest">
        <test-method is-config="true" signature="initialize()[pri:0, instance:testcases.SearchBoxTest@11dc3715]" started-at="2021-04-12T13:18:28 IST" name="initialize" finished-at="2021-04-12T13:18:49 IST" duration-ms="21407" status="PASS">
          <reporter-output>
          </reporter-output>
        </test-method> <!-- initialize -->
        <test-method signature="searchProduct()[pri:0, instance:testcases.SearchBoxTest@11dc3715]" started-at="2021-04-12T13:18:49 IST" name="searchProduct" finished-at="2021-04-12T13:18:56 IST" duration-ms="6527" status="PASS">
          <reporter-output>
          </reporter-output>
        </test-method> <!-- searchProduct -->
        <test-method is-config="true" signature="teardown()[pri:0, instance:testcases.SearchBoxTest@11dc3715]" started-at="2021-04-12T13:18:56 IST" name="teardown" finished-at="2021-04-12T13:18:59 IST" duration-ms="3383" status="PASS">
          <reporter-output>
          </reporter-output>
        </test-method> <!-- teardown -->
      </class> <!-- testcases.SearchBoxTest -->
    </test> <!-- Amazon -->
  </suite> <!-- Suite -->
</testng-results>
